<?xml version="1.0" encoding="UTF-8"?>
<testsuite xmlns:xsi="http://www.w3.org/2001/XMLSchema-instance" xsi:noNamespaceSchemaLocation="https://maven.apache.org/surefire/maven-surefire-plugin/xsd/surefire-test-report-3.0.xsd" version="3.0" name="service.UserServiceTest" time="10.249" tests="5" errors="0" skipped="0" failures="0">
  <properties>
[...]
</properties>
  <testcase name="testAuthenticateUserWithWrongPassword" classname="service.UserServiceTest" time="0.146">
    <system-out><![CDATA[Connected to the database successfully.
Truncated users table successfully.
Connected to the database successfully.
Connected to the database successfully.
Generated User ID: 1
Connected to the database successfully.
]]></system-out>
    <system-err><![CDATA[Authentication failed for username: wrongpass
]]></system-err>
  </testcase>
  <testcase name="testUpdateUser" classname="service.UserServiceTest" time="0.208">
    <system-out><![CDATA[Connected to the database successfully.
Truncated users table successfully.
Connected to the database successfully.
Connected to the database successfully.
Generated User ID: 1
Connected to the database successfully.
Saved User ID: 1
Connected to the database successfully.
Connected to the database successfully.
Connected to the database successfully.
]]></system-out>
  </testcase>
  <testcase name="testRegisterUser" classname="service.UserServiceTest" time="0.882">
    <system-out><![CDATA[Connected to the database successfully.
Truncated users table successfully.
Connected to the database successfully.
Connected to the database successfully.
Generated User ID: 1
Registered User ID: 1
Connected to the database successfully.
]]></system-out>
  </testcase>
  <testcase name="testAuthenticateUser" classname="service.UserServiceTest" time="7.166">
    <system-out><![CDATA[Connected to the database successfully.
Truncated users table successfully.
Connected to the database successfully.
Connected to the database successfully.
Generated User ID: 1
Connected to the database successfully.
]]></system-out>
  </testcase>
  <testcase name="testDeleteUser" classname="service.UserServiceTest" time="1.841">
    <system-out><![CDATA[Connected to the database successfully.
Truncated users table successfully.
Connected to the database successfully.
Connected to the database successfully.
Generated User ID: 1
Connected to the database successfully.
Connected to the database successfully.
Connected to the database successfully.
Connected to the database successfully.
]]></system-out>
    <system-err><![CDATA[User not found with ID: 1
]]></system-err>
  </testcase>
</testsuite>